[20:14:35] [ServerMain/INFO]: [bootstrap] Running Java 25 (OpenJDK 64-Bit Server VM 25.0.3+9-2-26.04.2-Ubuntu; Ubuntu null) on Linux 7.0.0-22-generic (amd64)
[20:14:35] [ServerMain/INFO]: [bootstrap] Loading Paper 26.1.2-69-main@76d2ac7 (2026-06-03T17:32:02Z) for Minecraft 26.1.2
[20:14:35] [ServerMain/INFO]: [PluginInitializerManager] Initializing plugins...
[20:14:35] [ServerMain/INFO]: [PluginInitializerManager] Initialized 2 plugins
[20:14:35] [ServerMain/INFO]: [PluginInitializerManager] Bukkit plugins (2):
 - Seasons (0.1.0-SNAPSHOT), VillagerAI (0.1.0-SNAPSHOT)
[20:14:42] [ServerMain/INFO]: Environment: Environment[sessionHost=https://sessionserver.mojang.com, servicesHost=https://api.minecraftservices.com, profilesHost=https://api.mojang.com, name=PROD]
[20:14:44] [ServerMain/INFO]: Loaded 1515 recipes
[20:14:44] [ServerMain/INFO]: Loaded 1617 advancements
[20:14:44] [ServerMain/INFO]: [ca.spottedleaf.dataconverter.minecraft.datatypes.MCTypeRegistry] Initialising converters for DataConverter...
[20:14:45] [ServerMain/INFO]: [ca.spottedleaf.dataconverter.minecraft.datatypes.MCTypeRegistry] Finished initialising converters for DataConverter in 532.3ms
[20:14:45] [Server thread/INFO]: Starting minecraft server version 26.1.2
[20:14:45] [Server thread/INFO]: Loading properties
[20:14:45] [Server thread/INFO]: This server is running Paper version 26.1.2-69-main@76d2ac7 (2026-06-03T17:32:02Z) (Implementing API version 26.1.2.build.69-stable)
[20:14:45] [Server thread/INFO]: [spark] This server bundles the spark profiler. For more information please visit https://docs.papermc.io/paper/profiling
[20:14:45] [Server thread/INFO]: Server Ping Player Sample Count: 12
[20:14:45] [Server thread/INFO]: Using 4 threads for Netty based IO
[20:14:45] [Server thread/INFO]: [MoonriseCommon] Paper is using 2 worker threads, 1 I/O threads
[20:14:46] [Server thread/INFO]: Default game type: SURVIVAL
[20:14:46] [Server thread/INFO]: Generating keypair
[20:14:46] [Server thread/INFO]: Starting Minecraft server on *:25565
[20:14:46] [Server thread/INFO]: Paper: Using libdeflate (Linux x86_64) compression from Velocity.
[20:14:46] [Server thread/INFO]: Paper: Using OpenSSL 3.x.x (Linux x86_64) cipher from Velocity.
[20:14:46] [Server thread/INFO]: [Seasons] Loading server plugin Seasons v0.1.0-SNAPSHOT
[20:14:46] [Server thread/INFO]: [VillagerAI] Loading server plugin VillagerAI v0.1.0-SNAPSHOT
[20:14:46] [Server thread/INFO]: Server permissions file permissions.yml is empty, ignoring it
[20:14:46] [Server thread/INFO]: Preparing level "world"
[20:14:47] [Server thread/INFO]: Loading 0 persistent chunks for level 'minecraft:overworld'...
[20:14:47] [Server thread/INFO]: Preparing spawn area: 100%
[20:14:47] [Server thread/INFO]: Prepared spawn area in 2 ms
[20:14:47] [Server thread/INFO]: Loading 0 persistent chunks for level 'minecraft:the_nether'...
[20:14:47] [Server thread/INFO]: Preparing spawn area: 100%
[20:14:47] [Server thread/INFO]: Prepared spawn area in 3 ms
[20:14:47] [Server thread/INFO]: Loading 0 persistent chunks for level 'minecraft:the_end'...
[20:14:47] [Server thread/INFO]: Preparing spawn area: 100%
[20:14:47] [Server thread/INFO]: Prepared spawn area in 3 ms
[20:14:47] [Server thread/INFO]: Done preparing level "world" (0.689s)
[20:14:47] [Server thread/INFO]: [Seasons] Enabling Seasons v0.1.0-SNAPSHOT
[20:14:47] [Server thread/INFO]: [Seasons] Seasons Plugin enabled.
[20:14:47] [Server thread/INFO]: [Seasons] Default config.yml copied to plugins/Seasons/
[20:14:47] [Server thread/INFO]: [Seasons] Default precipitation_categories.yml copied to plugins/Seasons/
[20:14:47] [Server thread/INFO]: [Seasons] Default replaceable_plants.yml copied to plugins/Seasons/
[20:14:47] [Server thread/INFO]: [Seasons] Default foliage_tints.yml copied to plugins/Seasons/
[20:14:47] [Server thread/INFO]: [Seasons] No chunk cache file found, starting fresh.
[20:14:47] [Server thread/INFO]: [Seasons] [VisualConfig] Loaded 4 season tints, 12 biome overrides
[20:14:47] [Server thread/INFO]: [Seasons] [NmsAdapter] Detected server version: 26.1.2
[20:14:47] [Server thread/WARN]: [Seasons] [NmsAdapter] No NMS adapter available for version 26.1.2. Visual features disabled.
[20:14:47] [Server thread/WARN]: [Seasons] [Visual] NmsAdapter not available for this server version; visual features disabled.
[20:14:47] [Server thread/INFO]: [Seasons] Seasons ready. Season: Frühling
[20:14:47] [Server thread/INFO]: [VillagerAI] Enabling VillagerAI v0.1.0-SNAPSHOT
[20:14:47] [Server thread/WARN]: [VillagerAI] Could not save quests.yml to plugins/VillagerAI/quests.yml because quests.yml already exists.
[20:14:47] [Server thread/WARN]: [VillagerAI] Could not save conversation-history.yml to plugins/VillagerAI/conversation-history.yml because conversation-history.yml already exists.
[20:14:47] [Server thread/WARN]: [VillagerAI] Could not save chief-profiles.yml to plugins/VillagerAI/chief-profiles.yml because chief-profiles.yml already exists.
[20:14:47] [Server thread/WARN]: [VillagerAI] Could not save quest-offers.yml to plugins/VillagerAI/quest-offers.yml because quest-offers.yml already exists.
[20:14:47] [Server thread/WARN]: [VillagerAI] Could not save quest-rewards.yml to plugins/VillagerAI/quest-rewards.yml because quest-rewards.yml already exists.
[20:14:47] [Server thread/INFO]: [VillagerAI] Chat-Debug-Log geoeffnet: /home/mc/crafty-4/servers/f5334260-43a9-4b27-9c7d-746f4c1aa528/plugins/VillagerAI/chat-debug.log
[20:14:47] [Server thread/INFO]: [VillagerAI] mourning.reloadConfig: debug=true enabled=true particle=DUST countPerTick=500 interval=10-20 dayOnly=false
[20:14:47] [Server thread/INFO]: [de.ajsch.villagerai.service.VillageLightParticleMarkerService] VillageLightParticleMarkerService created. enabled=true tickInterval=20L
[20:14:47] [Server thread/WARN]: [VillagerAI] SECURE-Template in 'CHIEF' ignoriert: gueltiges Block-Material, amount > 0, distance > 0 und radius > 0 sind Pflicht.
[20:14:47] [Server thread/WARN]: [VillagerAI] SECURE-Template in 'CLERIC' ignoriert: gueltiges Block-Material, amount > 0, distance > 0 und radius > 0 sind Pflicht.
[20:14:47] [Server thread/WARN]: [VillagerAI] SECURE-Template in 'CLERIC' ignoriert: gueltiges Block-Material, amount > 0, distance > 0 und radius > 0 sind Pflicht.
[20:14:47] [Server thread/WARN]: [VillagerAI] SECURE-Template in 'ARMORER' ignoriert: gueltiges Block-Material, amount > 0, distance > 0 und radius > 0 sind Pflicht.
[20:14:47] [Server thread/WARN]: [VillagerAI] SECURE-Template in 'TOOLSMITH' ignoriert: gueltiges Block-Material, amount > 0, distance > 0 und radius > 0 sind Pflicht.
[20:14:47] [Server thread/WARN]: [VillagerAI] SECURE-Template in 'WEAPONSMITH' ignoriert: gueltiges Block-Material, amount > 0, distance > 0 und radius > 0 sind Pflicht.
[20:14:47] [Server thread/WARN]: [VillagerAI] SECURE-Template in 'MASON' ignoriert: gueltiges Block-Material, amount > 0, distance > 0 und radius > 0 sind Pflicht.
[20:14:47] [Server thread/WARN]: [VillagerAI] Reward-Eintrag fuer 'repair' ignoriert einen ungueltigen quality-tier-Wert: CHAIN
[20:14:47] [Server thread/INFO]: [VillagerAI] [QuestMarker] start() AUFGERUFEN - erstelle Scheduler...
[20:14:47] [Server thread/INFO]: [VillagerAI] [QuestMarker] Scheduler erstellt, taskId=8
[20:14:47] [Server thread/INFO]: [VillagerAI] ChiefAutoAssignment: pre-loaded 4 persisted active chief village(s)
[20:14:47] [Server thread/INFO]: [VillagerAI] ChiefAutoAssignment: initialScan assigned 0 new chief(s)
[20:14:47] [Server thread/INFO]: [VillagerAI] Abgelaufene Trauerphase für Dorf c1b44070-f7eb-4034-82e9-3d6e6e12ee2f gefunden, führe Nachfolger-Zuweisung durch.
[20:14:47] [Server thread/INFO]: [VillagerAI] Abgelaufene Trauerphase für Dorf b01bf686-2e64-4553-9de3-996e880cbff2 gefunden, führe Nachfolger-Zuweisung durch.
[20:14:47] [Server thread/INFO]: [VillagerAI] VillagerAI enabled using AI provider: http
[20:14:47] [Server thread/INFO]: [VillagerAI] Quest service ready with repository: YamlQuestRepository
[20:14:47] [Server thread/INFO]: [spark] Starting background profiler...
[20:14:48] [Server thread/INFO]: Saving chunks for level 'ServerLevel[world]'/minecraft:overworld
[20:14:48] [Server thread/INFO]: Saving chunks for level 'ServerLevel[world]'/minecraft:the_nether
[20:14:48] [Server thread/INFO]: Saving chunks for level 'ServerLevel[world]'/minecraft:the_end
[20:14:48] [Server thread/INFO]: ThreadedAnvilChunkStorage (world): All chunks are saved
[20:14:48] [Server thread/INFO]: ThreadedAnvilChunkStorage (DIM-1): All chunks are saved
[20:14:48] [Server thread/INFO]: ThreadedAnvilChunkStorage (DIM1): All chunks are saved
[20:14:48] [Server thread/INFO]: ThreadedAnvilChunkStorage: All dimensions are saved
[20:14:48] [Server thread/INFO]: Running delayed init tasks
[20:14:48] [Server thread/INFO]: Done (14.107s)! For help, type "help"
[20:14:48] [Paper Async Task Handler Thread - 1/INFO]: *** Currently you are 3 build(s) behind ***
[20:14:48] [Paper Async Task Handler Thread - 1/INFO]: *** It is highly recommended to download the latest build from https://papermc.io/downloads/paper ***
[20:14:52] [User Authenticator #0/INFO]: UUID of player Mhakari is 813576d6-c458-42be-af1e-a11b74ec5a21
[20:14:54] [Server thread/INFO]: Mhakari joined the game
[20:14:54] [Server thread/INFO]: Mhakari[/188.64.212.253:63562] logged in with entity id 61 at ([minecraft:overworld]251715.17815796693, 80.47305148789304, 4769.697943259498)
[20:14:55] [Server thread/INFO]: [Seasons] [ConfigManager] replaceable_plants.yml: 54 materials matched, 0 unmatched
[20:15:05] [Server thread/INFO]: Mhakari issued server command: /season set fall
[20:15:13] [Server thread/INFO]: Mhakari issued server command: /season set winter
[20:15:14] [Server thread/INFO]: [Seasons] SnowParticleScheduler started (radius=32, count=50, y=2-8)
[20:15:37] [Server thread/INFO]: Mhakari lost connection: Disconnected
[20:15:37] [Server thread/INFO]: Mhakari left the game
[20:15:41] [Server thread/INFO]: [Seasons] [SnowAcc] summary: placed=0 grown=0 melted=256 | cache: 20146 hits, 1252 misses, 0 fullyGrown
[20:15:51] [Server thread/INFO]: [de.ajsch.villagerai.service.VillageLightParticleMarkerService] tick() #60 | enabled=true | onlinePlayers=0 | questPlayers=0 | renderedPlayers=0 | noDarkBlocks=0 | activeMarkers=0
[20:16:31] [Server thread/INFO]: [Seasons] [SnowAcc] summary: placed=0 grown=0 melted=0 | cache: 3125 hits, 0 misses, 0 fullyGrown
[20:16:37] [Server thread/INFO]: Server empty for 60 seconds, pausing
[20:16:51] [Server thread/INFO]: [de.ajsch.villagerai.service.VillageLightParticleMarkerService] tick() #120 | enabled=true | onlinePlayers=0 | questPlayers=0 | renderedPlayers=0 | noDarkBlocks=0 | activeMarkers=0
[20:17:05] [Server thread/INFO]: Stopping the server
[20:17:05] [Server thread/INFO]: Stopping server
[20:17:05] [Server thread/INFO]: [VillagerAI] Disabling VillagerAI v0.1.0-SNAPSHOT
[20:17:05] [Server thread/INFO]: [de.ajsch.villagerai.service.VillageLightParticleMarkerService] shutdown() – activeMarkers.size=0
[20:17:05] [Server thread/INFO]: [Seasons] Disabling Seasons v0.1.0-SNAPSHOT
[20:17:05] [Server thread/INFO]: [Seasons] Saved 0 chunk cache entries (0 serialized) to chunk_cache.json.
[20:17:05] [Server thread/INFO]: [Seasons] Seasons Plugin disabled.
[20:17:05] [Server thread/INFO]: Saving players
[20:17:05] [Server thread/INFO]: Saving worlds
[20:17:05] [Server thread/INFO]: Saving chunks for level 'ServerLevel[world]'/minecraft:overworld
[20:17:05] [Server thread/INFO]: [ChunkHolderManager] Waiting 60s for chunk system to halt for world 'minecraft:overworld'
[20:17:05] [Server thread/INFO]: [ChunkHolderManager] Halted chunk system for world 'minecraft:overworld'
[20:17:05] [Server thread/INFO]: [ChunkHolderManager] Saving all chunkholders for world 'minecraft:overworld'
[20:17:05] [Server thread/INFO]: [ChunkHolderManager] Saved 0 block chunks, 0 entity chunks, 0 poi chunks in world 'minecraft:overworld' in 0.00s
[20:17:05] [Server thread/INFO]: [ChunkHolderManager] Waiting 60s for chunk I/O to halt for world 'minecraft:overworld'
[20:17:05] [Server thread/INFO]: [ChunkHolderManager] Halted I/O scheduler for world 'minecraft:overworld'
[20:17:05] [Server thread/INFO]: Saving chunks for level 'ServerLevel[world]'/minecraft:the_nether
[20:17:05] [Server thread/INFO]: [ChunkHolderManager] Waiting 60s for chunk system to halt for world 'minecraft:the_nether'
[20:17:05] [Server thread/INFO]: [ChunkHolderManager] Halted chunk system for world 'minecraft:the_nether'
[20:17:05] [Server thread/INFO]: [ChunkHolderManager] Saving all chunkholders for world 'minecraft:the_nether'
[20:17:05] [Server thread/INFO]: [ChunkHolderManager] Saved 0 block chunks, 0 entity chunks, 0 poi chunks in world 'minecraft:the_nether' in 0.00s
[20:17:05] [Server thread/INFO]: [ChunkHolderManager] Waiting 60s for chunk I/O to halt for world 'minecraft:the_nether'
[20:17:05] [Server thread/INFO]: [ChunkHolderManager] Halted I/O scheduler for world 'minecraft:the_nether'
[20:17:05] [Server thread/INFO]: Saving chunks for level 'ServerLevel[world]'/minecraft:the_end
[20:17:05] [Server thread/INFO]: [ChunkHolderManager] Waiting 60s for chunk system to halt for world 'minecraft:the_end'
[20:17:05] [Server thread/INFO]: [ChunkHolderManager] Halted chunk system for world 'minecraft:the_end'
[20:17:05] [Server thread/INFO]: [ChunkHolderManager] Saving all chunkholders for world 'minecraft:the_end'
[20:17:05] [Server thread/INFO]: [ChunkHolderManager] Saved 0 block chunks, 0 entity chunks, 0 poi chunks in world 'minecraft:the_end' in 0.00s
[20:17:05] [Server thread/INFO]: [ChunkHolderManager] Waiting 60s for chunk I/O to halt for world 'minecraft:the_end'
[20:17:05] [Server thread/INFO]: [ChunkHolderManager] Halted I/O scheduler for world 'minecraft:the_end'
[20:17:05] [Server thread/INFO]: ThreadedAnvilChunkStorage (world): All chunks are saved
[20:17:05] [Server thread/INFO]: ThreadedAnvilChunkStorage (DIM-1): All chunks are saved
[20:17:05] [Server thread/INFO]: ThreadedAnvilChunkStorage (DIM1): All chunks are saved
[20:17:05] [Server thread/INFO]: ThreadedAnvilChunkStorage: All dimensions are saved
[20:17:05] [Server thread/INFO]: Waiting for all RegionFile I/O tasks to complete...
[20:17:05] [Server thread/INFO]: All RegionFile I/O tasks to complete
[20:17:05] [Server thread/INFO]: [MoonriseCommon] Awaiting termination of worker pool for up to 60s...
[20:17:05] [Server thread/INFO]: [MoonriseCommon] Awaiting termination of I/O pool for up to 60s...
